C51 COMPILER V9.54   UART                                                                  06/02/2020 14:38:58 PAGE 1   


C51 COMPILER V9.54, COMPILATION OF MODULE UART
OBJECT MODULE PLACED IN .\Objects\uart.obj
COMPILER INVOKED BY: D:\Keil_MDK\C51\BIN\C51.EXE uart.c OPTIMIZE(8,SPEED) BROWSE DEBUG OBJECTEXTEND PRINT(.\Listings\uar
                    -t.lst) TABS(2) OBJECT(.\Objects\uart.obj)

line level    source

   1          #include "all.h"
   2          
   3          void UartInit(void)   //115200bps@12.000MHz
   4          {
   5   1        SCON = 0x50;    //8位数据,可变波特率
   6   1        AUXR |= 0x01;   //串口1选择定时器2为波特率发生器
   7   1        AUXR |= 0x04;   //定时器2时钟为Fosc,即1T
   8   1        T2L = 0xE6;   //设定定时初值
   9   1        T2H = 0xFF;   //设定定时初值
  10   1        AUXR |= 0x10;   //启动定时器2
  11   1      }
  12          
  13          void Uart_Up_Byte(u8 dat)
  14          {
  15   1        SBUF=dat;
  16   1        while(!TI);
  17   1        TI=0;
  18   1      }
  19          
  20          void Uart_Up_Buf(u8 *p)
  21          {
  22   1        u8 i;
  23   1        for(i=0;p[i];i++)Uart_Up_Byte(p[i]);
  24   1      }
  25          
  26          void Uart_Up_CH_Sig(u8 ch,u8 Sig)
  27          {
  28   1        Uart_Up_Byte('0'+(ch+1)/10);
  29   1        Uart_Up_Byte('0'+(ch+1)%10);
  30   1        Uart_Up_Buf("    ");
  31   1        Uart_Up_Byte('A'+(ch)/8);
  32   1        Uart_Up_Byte('0'+(ch)%8+1);
  33   1        Uart_Up_Buf("    ");
  34   1        Uart_Up_Byte('0'+Sig/100);
  35   1        Uart_Up_Byte('0'+Sig%100/10);
  36   1        Uart_Up_Byte('0'+Sig%10);
  37   1        Uart_Up_Buf("\r\n");
  38   1      }


MODULE INFORMATION:   STATIC OVERLAYABLE
   CODE SIZE        =    186    ----
   CONSTANT SIZE    =      8    ----
   XDATA SIZE       =   ----    ----
   PDATA SIZE       =   ----    ----
   DATA SIZE        =   ----       5
   IDATA SIZE       =   ----    ----
   BIT SIZE         =   ----    ----
END OF MODULE INFORMATION.


C51 COMPILATION COMPLETE.  0 WARNING(S),  0 ERROR(S)
